<?xml version="1.0" encoding="UTF-8"?>
<!-- Generated by org.testng.reporters.JUnitReportReporter -->
<testsuite skipped="0" hostname="DESKTOP-VBU2C24" name="runner.TestRunner" tests="1" failures="0" timestamp="2022-08-16T16:34:39 IST" time="3.714" errors="0">
  <testcase name="runScenario" time="3.714" classname="runner.TestRunner"/>
  <system-out/>
</testsuite> <!-- runner.TestRunner -->
