<?xml version="1.0" encoding="UTF-8"?>
<!-- Generated by org.testng.reporters.JUnitReportReporter -->
<testsuite skipped="0" hostname="DESKTOP-VBU2C24" name="runner.TestRunner" tests="15" failures="0" timestamp="2022-08-17T09:27:16 IST" time="10.404" errors="0">
  <testcase name="runScenario" time="1.328" classname="runner.TestRunner"/>
  <system-out/>
  <testcase name="runScenario" time="0.456" classname="runner.TestRunner"/>
  <system-out/>
  <testcase name="runScenario" time="0.505" classname="runner.TestRunner"/>
  <system-out/>
  <testcase name="runScenario" time="0.213" classname="runner.TestRunner"/>
  <system-out/>
  <testcase name="runScenario" time="0.471" classname="runner.TestRunner"/>
  <system-out/>
  <testcase name="runScenario" time="1.372" classname="runner.TestRunner"/>
  <system-out/>
  <testcase name="runScenario" time="0.233" classname="runner.TestRunner"/>
  <system-out/>
  <testcase name="runScenario" time="0.225" classname="runner.TestRunner"/>
  <system-out/>
  <testcase name="runScenario" time="0.217" classname="runner.TestRunner"/>
  <system-out/>
  <testcase name="runScenario" time="0.215" classname="runner.TestRunner"/>
  <system-out/>
  <testcase name="runScenario" time="3.830" classname="runner.TestRunner"/>
  <system-out/>
  <testcase name="runScenario" time="0.196" classname="runner.TestRunner"/>
  <system-out/>
  <testcase name="runScenario" time="0.439" classname="runner.TestRunner"/>
  <system-out/>
  <testcase name="runScenario" time="0.408" classname="runner.TestRunner"/>
  <system-out/>
  <testcase name="runScenario" time="0.296" classname="runner.TestRunner"/>
  <system-out/>
</testsuite> <!-- runner.TestRunner -->
